[4mRunning "clean:dist" (clean) task[24m
Cleaning tmp...[32mOK[39m
Cleaning dist...[32mOK[39m

[4mRunning "createResultDirectory" task[24m

[4mRunning "concurrent:buildDist" (concurrent) task[24m
[4mRunning "emberTemplates:dist" (emberTemplates) task[24m
[4mRunning "copy:cssToResult" (copy) task[24m
[4mRunning "preprocess:indexHTMLDistApp" (preprocess) task[24m
File "tmp/result/assets/templates.js" created.
Copied [36m1[39m files


[32mDone, without errors.[39m
[32mDone, without errors.[39m

[4mRunning "preprocess:indexHTMLDistTests" (preprocess) task[24m
[4mRunning "jshint:app" (jshint) task[24m
    
    
        
    
    
[32mDone, without errors.[39m
    
    
    Linting app/helpers/index-get.js ...[31mERROR[39m
[31m[[39m[33mL2[39m[31m:[39m[33mC3[39m[31m][39m [33mW117[39m[31m:[39m [33m'console' is not defined.[39m
  [31m[7mc[27m[39monsole.log(outer);
Linting app/lib/ticket-proxy.js ...[31mERROR[39m
[31m[[39m[33mL6[39m[31m:[39m[33mC21[39m[31m][39m [33mW117[39m[31m:[39m [33m'_' is not defined.[39m
      var tickets = [31m[7m_[27m[39m.map(snapshot.val(), function (value, key) {
Linting app/lib/user-proxy.js ...[31mERROR[39m
[31m[[39m[33mL6[39m[31m:[39m[33mC19[39m[31m][39m [33mW117[39m[31m:[39m [33m'_' is not defined.[39m
      var users = [31m[7m_[27m[39m.map(snapshot.val(), function (value, key) {
Linting app/routes/index.js ...[31mERROR[39m
[31m[[39m[33mL6[39m[31m:[39m[33mC28[39m[31m][39m [33mW117[39m[31m:[39m [33m'Firebase' is not defined.[39m
    tickets.set('ref', new [31m[7mF[27m[39mirebase('https://traker.firebaseio.com/tickets'));
[31m[[39m[33mL8[39m[31m:[39m[33mC26[39m[31m][39m [33mW117[39m[31m:[39m [33m'Firebase' is not defined.[39m
    users.set('ref', new [31m[7mF[27m[39mirebase('https://traker.firebaseio.com/users'));
Linting app/routes/users.js ...[31mERROR[39m
[31m[[39m[33mL5[39m[31m:[39m[33mC26[39m[31m][39m [33mW117[39m[31m:[39m [33m'Firebase' is not defined.[39m
    users.set('ref', new [31m[7mF[27m[39mirebase('http://traker.firebaseio.com/users'));


[4mRunning "jshint:tests" (jshint) task[24m
[32m>> [39m8 files lint free.

[4mRunning "validate-imports:app" (validate-imports) task[24m
[32m>> [39m16 files validated.

[4mRunning "validate-imports:tests" (validate-imports) task[24m
[32m>> [39m24 files validated.

[4mRunning "copy:javascriptToTmp" (copy) task[24m
Copied [36m22[39m files

[4mRunning "transpile:tests" (transpile) task[24m

[4mRunning "transpile:app" (transpile) task[24m

[4mRunning "concat_sourcemap:app" (concat_sourcemap) task[24m
File "tmp/result/assets/app.js" created.

[4mRunning "concat_sourcemap:config" (concat_sourcemap) task[24m
File "tmp/result/assets/config.js" created.

[4mRunning "concat_sourcemap:test" (concat_sourcemap) task[24m
File "tmp/result/tests/tests.js" created.

[32mDone, without errors.[39m
    
    
    
[4mRunning "copy:assemble" (copy) task[24m
Created [36m3[39m directories, copied [36m194[39m files

[4mRunning "useminPrepare:html" (useminPrepare) task[24m
Going through [36mtmp/result/index.html[39m to update the config
Looking for build script HTML comment blocks

[1mFound a block:[22m
[36m    <!-- build:css(tmp/result) /assets/app.min.css -->[39m
[36m  <link rel="stylesheet" href="/assets/app.css">[39m
[36m  <link rel="stylesheet" href="/vendor/bootstrap/dist/css/bootstrap.min.css">[39m
[36m  <!-- endbuild -->[39m
Updating config with the following assets:
    - [36mtmp/result/assets/app.css[39m
    - [36mtmp/result/vendor/bootstrap/dist/css/bootstrap.min.css[39m

[1mFound a block:[22m
[36m  <!-- build:js(tmp/result) /assets/config.min.js -->[39m
[36m[39m
[36m    <script src="/config/environment.js"></script>[39m
[36m      <!-- @if dist=false -->[39m
[36m      <script src="/config/environments/development.js"></script>[39m
[36m      <script src="/config/environments/production.js"></script>[39m
[36m    <!-- @endif -->  <!-- endbuild -->[39m
Updating config with the following assets:
    - [36mtmp/result/config/environment.js[39m
    - [36mtmp/result/config/environments/development.js[39m
    - [36mtmp/result/config/environments/production.js[39m

[1mFound a block:[22m
[36m  <!-- build:js(tmp/result) /assets/vendor.min.js -->[39m
[36m[39m
[36m    <script src="/vendor/jquery/jquery.js"></script>[39m
[36m[39m
[36m    <script src="/vendor/handlebars/handlebars.runtime.js"></script>[39m
[36m    <script src="/vendor/ember/ember.prod.js"></script>[39m
[36m    <script src="/vendor/ember-data/ember-data.js"></script>[39m
[36m    <script src="/vendor/loader.js/loader.js"></script>[39m
[36m    <script src="/vendor/ember-resolver/dist/ember-resolver.js"></script>[39m
[36m    <script src="/vendor/ember-shim.js"></script>[39m
[36m    <script src="/vendor/ic-ajax/dist/named-amd/main.js"></script>[39m
[36m    <script src="/vendor/ember-load-initializers/ember-load-initializers.js"></script>[39m
[36m    <script src="/vendor/firebase/firebase.js"></script>[39m
[36m    <script src="/vendor/bootstrap/dist/js/bootstrap.min.js"></script>[39m
[36m    <script src="/vendor/underscore/underscore.js"></script>[39m
[36m    <script src="/vendor/md5/md5.min.js"></script>[39m
[36m  <!-- endbuild -->[39m
Updating config with the following assets:
    - [36mtmp/result/vendor/jquery/jquery.js[39m
    - [36mtmp/result/vendor/handlebars/handlebars.runtime.js[39m
    - [36mtmp/result/vendor/ember/ember.prod.js[39m
    - [36mtmp/result/vendor/ember-data/ember-data.js[39m
    - [36mtmp/result/vendor/loader.js/loader.js[39m
    - [36mtmp/result/vendor/ember-resolver/dist/ember-resolver.js[39m
    - [36mtmp/result/vendor/ember-shim.js[39m
    - [36mtmp/result/vendor/ic-ajax/dist/named-amd/main.js[39m
    - [36mtmp/result/vendor/ember-load-initializers/ember-load-initializers.js[39m
    - [36mtmp/result/vendor/firebase/firebase.js[39m
    - [36mtmp/result/vendor/bootstrap/dist/js/bootstrap.min.js[39m
    - [36mtmp/result/vendor/underscore/underscore.js[39m
    - [36mtmp/result/vendor/md5/md5.min.js[39m

[1mFound a block:[22m
[36m  <!-- build:js(tmp/result) /assets/app.min.js -->[39m
[36m[39m
[36m    <script src="/assets/app.js"></script>[39m
[36m    <script src="/assets/templates.js"></script>[39m
[36m[39m
[36m  <!-- endbuild -->[39m
Updating config with the following assets:
    - [36mtmp/result/assets/app.js[39m
    - [36mtmp/result/assets/templates.js[39m

[1mConfiguration is now:[22m

[1m  cssmin:[22m
  { [32m'dist/assets/app.min.css'[39m: [32m'dist/assets/app.min.css'[39m }

[1m  concat:[22m
  { [32m'dist/assets/app.min.css'[39m: 
   [ [32m'tmp/result/assets/app.css'[39m,
     [32m'tmp/result/vendor/bootstrap/dist/css/bootstrap.min.css'[39m ],
  [32m'dist/assets/config.min.js'[39m: 
   [ [32m'tmp/result/config/environment.js'[39m,
     [32m'tmp/result/config/environments/development.js'[39m,
     [32m'tmp/result/config/environments/production.js'[39m ],
  [32m'dist/assets/vendor.min.js'[39m: 
   [ [32m'tmp/result/vendor/jquery/jquery.js'[39m,
     [32m'tmp/result/vendor/handlebars/handlebars.runtime.js'[39m,
     [32m'tmp/result/vendor/ember/ember.prod.js'[39m,
     [32m'tmp/result/vendor/ember-data/ember-data.js'[39m,
     [32m'tmp/result/vendor/loader.js/loader.js'[39m,
     [32m'tmp/result/vendor/ember-resolver/dist/ember-resolver.js'[39m,
     [32m'tmp/result/vendor/ember-shim.js'[39m,
     [32m'tmp/result/vendor/ic-ajax/dist/named-amd/main.js'[39m,
     [32m'tmp/result/vendor/ember-load-initializers/ember-load-initializers.js'[39m,
     [32m'tmp/result/vendor/firebase/firebase.js'[39m,
     [32m'tmp/result/vendor/bootstrap/dist/js/bootstrap.min.js'[39m,
     [32m'tmp/result/vendor/underscore/underscore.js'[39m,
     [32m'tmp/result/vendor/md5/md5.min.js'[39m ],
  [32m'dist/assets/app.min.js'[39m: 
   [ [32m'tmp/result/assets/app.js'[39m,
     [32m'tmp/result/assets/templates.js'[39m ] }

[1m  uglify:[22m
  { [32m'dist/assets/config.min.js'[39m: [32m'dist/assets/config.min.js'[39m,
  [32m'dist/assets/vendor.min.js'[39m: [32m'dist/assets/vendor.min.js'[39m,
  [32m'dist/assets/app.min.js'[39m: [32m'dist/assets/app.min.js'[39m }

[1m  requirejs:[22m
  {}

[4mRunning "concat:dist/assets/app.min.css" (concat) task[24m
File "dist/assets/app.min.css" created.

[4mRunning "concat:dist/assets/config.min.js" (concat) task[24m
File "dist/assets/config.min.js" created.

[4mRunning "concat:dist/assets/vendor.min.js" (concat) task[24m
File "dist/assets/vendor.min.js" created.

[4mRunning "concat:dist/assets/app.min.js" (concat) task[24m
File "dist/assets/app.min.js" created.

[4mRunning "cssmin:dist/assets/app.min.css" (cssmin) task[24m
File dist/assets/app.min.css created.

[4mRunning "uglify:dist/assets/config.min.js" (uglify) task[24m
File "dist/assets/config.min.js" created.

[4mRunning "uglify:dist/assets/vendor.min.js" (uglify) task[24m
File "dist/assets/vendor.min.js" created.

[4mRunning "uglify:dist/assets/app.min.js" (uglify) task[24m
File "dist/assets/app.min.js" created.

[4mRunning "copy:imageminFallback" (copy) task[24m
Copied [36m9[39m files

[4mRunning "copy:dist" (copy) task[24m
Copied [36m4[39m files

[4mRunning "rev:dist" (rev) task[24m
dist/assets/config.min.js [32m>> [39m03258c8c.config.min.js
dist/assets/app.min.js [32m>> [39mdca3b9c6.app.min.js
dist/assets/vendor.min.js [32m>> [39m31b2e166.vendor.min.js
dist/assets/app.min.css [32m>> [39mcb4f3c83.app.min.css

[4mRunning "usemin:html" (usemin) task[24m

[1mProcessing as HTML - dist/index.html[22m
Update the HTML to reference our concat/min/revved script files
<script src="/assets/config.min.js" changed to <script src="/assets/03258c8c.config.min.js"
<script src="/assets/vendor.min.js" changed to <script src="/assets/31b2e166.vendor.min.js"
<script src="/assets/app.min.js" changed to <script src="/assets/dca3b9c6.app.min.js"
Update the HTML with the new css filenames
